2020-04-01 13:27:48.922  INFO 22788 --- [main] com.switchfully.jar.Application          : Starting Application on CI00085369 with PID 22788 (C:\_Projects\eurder\jar\target\classes started by svenDP in C:\_Projects\eurder)
2020-04-01 13:27:48.926  INFO 22788 --- [main] com.switchfully.jar.Application          : No active profile set, falling back to default profiles: default
2020-04-01 13:27:49.785  INFO 22788 --- [main] trationDelegate$BeanPostProcessorChecker : Bean 'org.springframework.security.config.annotation.configuration.ObjectPostProcessorConfiguration' of type [org.springframework.security.config.annotation.configuration.ObjectPostProcessorConfiguration] is not eligible for getting processed by all BeanPostProcessors (for example: not eligible for auto-proxying)
2020-04-01 13:27:49.792  INFO 22788 --- [main] trationDelegate$BeanPostProcessorChecker : Bean 'objectPostProcessor' of type [org.springframework.security.config.annotation.configuration.AutowireBeanFactoryObjectPostProcessor] is not eligible for getting processed by all BeanPostProcessors (for example: not eligible for auto-proxying)
2020-04-01 13:27:49.794  INFO 22788 --- [main] trationDelegate$BeanPostProcessorChecker : Bean 'org.springframework.security.access.expression.method.DefaultMethodSecurityExpressionHandler@121bb45b' of type [org.springframework.security.access.expression.method.DefaultMethodSecurityExpressionHandler] is not eligible for getting processed by all BeanPostProcessors (for example: not eligible for auto-proxying)
2020-04-01 13:27:49.794  INFO 22788 --- [main] trationDelegate$BeanPostProcessorChecker : Bean 'org.springframework.security.config.annotation.method.configuration.GlobalMethodSecurityConfiguration' of type [org.springframework.security.config.annotation.method.configuration.GlobalMethodSecurityConfiguration] is not eligible for getting processed by all BeanPostProcessors (for example: not eligible for auto-proxying)
2020-04-01 13:27:49.796  INFO 22788 --- [main] trationDelegate$BeanPostProcessorChecker : Bean 'methodSecurityMetadataSource' of type [org.springframework.security.access.method.DelegatingMethodSecurityMetadataSource] is not eligible for getting processed by all BeanPostProcessors (for example: not eligible for auto-proxying)
2020-04-01 13:27:49.978  INFO 22788 --- [main] o.s.b.w.embedded.tomcat.TomcatWebServer  : Tomcat initialized with port(s): 8080 (http)
2020-04-01 13:27:49.984  INFO 22788 --- [main] o.apache.catalina.core.StandardService   : Starting service [Tomcat]
2020-04-01 13:27:49.985  INFO 22788 --- [main] org.apache.catalina.core.StandardEngine  : Starting Servlet engine: [Apache Tomcat/9.0.31]
2020-04-01 13:27:50.064  INFO 22788 --- [main] o.a.c.c.C.[Tomcat].[localhost].[/api]    : Initializing Spring embedded WebApplicationContext
2020-04-01 13:27:50.064  INFO 22788 --- [main] o.s.web.context.ContextLoader            : Root WebApplicationContext: initialization completed in 1109 ms
2020-04-01 13:27:50.628  INFO 22788 --- [main] pertySourcedRequestMappingHandlerMapping : Mapped URL path [/v2/api-docs] onto method [springfox.documentation.swagger2.web.Swagger2Controller#getDocumentation(String, HttpServletRequest)]
2020-04-01 13:27:50.730  INFO 22788 --- [main] o.s.s.web.DefaultSecurityFilterChain     : Creating filter chain: any request, [org.springframework.security.web.context.request.async.WebAsyncManagerIntegrationFilter@5bb911c1, org.springframework.security.web.context.SecurityContextPersistenceFilter@601eb4af, org.springframework.security.web.header.HeaderWriterFilter@44aa2e13, org.springframework.security.web.authentication.logout.LogoutFilter@b14b60a, org.springframework.security.web.authentication.www.BasicAuthenticationFilter@548e43b1, org.springframework.security.web.savedrequest.RequestCacheAwareFilter@7675c171, org.springframework.security.web.servletapi.SecurityContextHolderAwareRequestFilter@28ee0a3c, org.springframework.security.web.authentication.AnonymousAuthenticationFilter@6a55594b, org.springframework.security.web.session.SessionManagementFilter@9cfc77, org.springframework.security.web.access.ExceptionTranslationFilter@dbddbe3, org.springframework.security.web.access.intercept.FilterSecurityInterceptor@35e98af]
2020-04-01 13:27:50.771  INFO 22788 --- [main] o.s.s.concurrent.ThreadPoolTaskExecutor  : Initializing ExecutorService 'applicationTaskExecutor'
2020-04-01 13:27:50.876  INFO 22788 --- [main] d.s.w.p.DocumentationPluginsBootstrapper : Context refreshed
2020-04-01 13:27:50.885  INFO 22788 --- [main] d.s.w.p.DocumentationPluginsBootstrapper : Found 1 custom documentation plugin(s)
2020-04-01 13:27:50.907  INFO 22788 --- [main] s.d.s.w.s.ApiListingReferenceScanner     : Scanning for api listing references
2020-04-01 13:27:51.196  INFO 22788 --- [main] o.s.b.w.embedded.tomcat.TomcatWebServer  : Tomcat started on port(s): 8080 (http) with context path '/api'
2020-04-01 13:27:51.198  INFO 22788 --- [main] com.switchfully.jar.Application          : Started Application in 2.502 seconds (JVM running for 3.125)
2020-04-01 13:28:32.818  INFO 22788 --- [http-nio-8080-exec-3] o.a.c.c.C.[Tomcat].[localhost].[/api]    : Initializing Spring DispatcherServlet 'dispatcherServlet'
2020-04-01 13:28:32.821  INFO 22788 --- [http-nio-8080-exec-3] o.s.web.servlet.DispatcherServlet        : Initializing Servlet 'dispatcherServlet'
2020-04-01 13:28:32.829  INFO 22788 --- [http-nio-8080-exec-3] o.s.web.servlet.DispatcherServlet        : Completed initialization in 8 ms
2020-04-01 13:28:32.888  INFO 22788 --- [http-nio-8080-exec-3] c.switchfully.service.user.UserService   : Registering a new customer.
2020-04-01 13:34:38.818  INFO 2508 --- [main] com.switchfully.jar.Application          : Starting Application on CI00085369 with PID 2508 (C:\_Projects\eurder\jar\target\classes started by svenDP in C:\_Projects\eurder)
2020-04-01 13:34:38.821  INFO 2508 --- [main] com.switchfully.jar.Application          : No active profile set, falling back to default profiles: default
2020-04-01 13:34:39.632  INFO 2508 --- [main] trationDelegate$BeanPostProcessorChecker : Bean 'org.springframework.security.config.annotation.configuration.ObjectPostProcessorConfiguration' of type [org.springframework.security.config.annotation.configuration.ObjectPostProcessorConfiguration] is not eligible for getting processed by all BeanPostProcessors (for example: not eligible for auto-proxying)
2020-04-01 13:34:39.636  INFO 2508 --- [main] trationDelegate$BeanPostProcessorChecker : Bean 'objectPostProcessor' of type [org.springframework.security.config.annotation.configuration.AutowireBeanFactoryObjectPostProcessor] is not eligible for getting processed by all BeanPostProcessors (for example: not eligible for auto-proxying)
2020-04-01 13:34:39.638  INFO 2508 --- [main] trationDelegate$BeanPostProcessorChecker : Bean 'org.springframework.security.access.expression.method.DefaultMethodSecurityExpressionHandler@a098d76' of type [org.springframework.security.access.expression.method.DefaultMethodSecurityExpressionHandler] is not eligible for getting processed by all BeanPostProcessors (for example: not eligible for auto-proxying)
2020-04-01 13:34:39.640  INFO 2508 --- [main] trationDelegate$BeanPostProcessorChecker : Bean 'org.springframework.security.config.annotation.method.configuration.GlobalMethodSecurityConfiguration' of type [org.springframework.security.config.annotation.method.configuration.GlobalMethodSecurityConfiguration] is not eligible for getting processed by all BeanPostProcessors (for example: not eligible for auto-proxying)
2020-04-01 13:34:39.642  INFO 2508 --- [main] trationDelegate$BeanPostProcessorChecker : Bean 'methodSecurityMetadataSource' of type [org.springframework.security.access.method.DelegatingMethodSecurityMetadataSource] is not eligible for getting processed by all BeanPostProcessors (for example: not eligible for auto-proxying)
2020-04-01 13:34:39.794  INFO 2508 --- [main] o.s.b.w.embedded.tomcat.TomcatWebServer  : Tomcat initialized with port(s): 8080 (http)
2020-04-01 13:34:39.800  INFO 2508 --- [main] o.apache.catalina.core.StandardService   : Starting service [Tomcat]
2020-04-01 13:34:39.801  INFO 2508 --- [main] org.apache.catalina.core.StandardEngine  : Starting Servlet engine: [Apache Tomcat/9.0.31]
2020-04-01 13:34:39.873  INFO 2508 --- [main] o.a.c.c.C.[Tomcat].[localhost].[/api]    : Initializing Spring embedded WebApplicationContext
2020-04-01 13:34:39.874  INFO 2508 --- [main] o.s.web.context.ContextLoader            : Root WebApplicationContext: initialization completed in 1018 ms
2020-04-01 13:34:40.480  INFO 2508 --- [main] pertySourcedRequestMappingHandlerMapping : Mapped URL path [/v2/api-docs] onto method [springfox.documentation.swagger2.web.Swagger2Controller#getDocumentation(String, HttpServletRequest)]
2020-04-01 13:34:40.584  INFO 2508 --- [main] o.s.s.web.DefaultSecurityFilterChain     : Creating filter chain: any request, [org.springframework.security.web.context.request.async.WebAsyncManagerIntegrationFilter@60bf494c, org.springframework.security.web.context.SecurityContextPersistenceFilter@60dc1a4e, org.springframework.security.web.header.HeaderWriterFilter@9fe720a, org.springframework.security.web.authentication.logout.LogoutFilter@6aa5974e, org.springframework.security.web.authentication.www.BasicAuthenticationFilter@b5ac0c1, org.springframework.security.web.savedrequest.RequestCacheAwareFilter@31efacad, org.springframework.security.web.servletapi.SecurityContextHolderAwareRequestFilter@5d124d29, org.springframework.security.web.authentication.AnonymousAuthenticationFilter@47a4eee2, org.springframework.security.web.session.SessionManagementFilter@4052b19f, org.springframework.security.web.access.ExceptionTranslationFilter@6ffd4c0d, org.springframework.security.web.access.intercept.FilterSecurityInterceptor@be164d8]
2020-04-01 13:34:40.624  INFO 2508 --- [main] o.s.s.concurrent.ThreadPoolTaskExecutor  : Initializing ExecutorService 'applicationTaskExecutor'
2020-04-01 13:34:40.726  INFO 2508 --- [main] d.s.w.p.DocumentationPluginsBootstrapper : Context refreshed
2020-04-01 13:34:40.736  INFO 2508 --- [main] d.s.w.p.DocumentationPluginsBootstrapper : Found 1 custom documentation plugin(s)
2020-04-01 13:34:40.762  INFO 2508 --- [main] s.d.s.w.s.ApiListingReferenceScanner     : Scanning for api listing references
2020-04-01 13:34:41.109  INFO 2508 --- [main] o.s.b.w.embedded.tomcat.TomcatWebServer  : Tomcat started on port(s): 8080 (http) with context path '/api'
2020-04-01 13:34:41.111  INFO 2508 --- [main] com.switchfully.jar.Application          : Started Application in 2.531 seconds (JVM running for 3.142)
2020-04-01 13:35:13.113  INFO 2508 --- [http-nio-8080-exec-2] o.a.c.c.C.[Tomcat].[localhost].[/api]    : Initializing Spring DispatcherServlet 'dispatcherServlet'
2020-04-01 13:35:13.114  INFO 2508 --- [http-nio-8080-exec-2] o.s.web.servlet.DispatcherServlet        : Initializing Servlet 'dispatcherServlet'
2020-04-01 13:35:13.123  INFO 2508 --- [http-nio-8080-exec-2] o.s.web.servlet.DispatcherServlet        : Completed initialization in 9 ms
2020-04-01 13:35:13.186  INFO 2508 --- [http-nio-8080-exec-2] c.switchfully.service.user.UserService   : Registering a new customer.
2020-04-01 13:35:23.031  INFO 2508 --- [http-nio-8080-exec-4] c.switchfully.service.user.UserService   : Registering a new customer.
2020-04-01 13:35:31.280  INFO 2508 --- [http-nio-8080-exec-6] c.switchfully.service.user.UserService   : Registering a new customer.
2020-04-01 13:40:37.272  INFO 7864 --- [main] com.switchfully.jar.Application          : Starting Application on CI00085369 with PID 7864 (C:\_Projects\eurder\jar\target\classes started by svenDP in C:\_Projects\eurder)
2020-04-01 13:40:37.275  INFO 7864 --- [main] com.switchfully.jar.Application          : No active profile set, falling back to default profiles: default
2020-04-01 13:40:38.034  INFO 7864 --- [main] trationDelegate$BeanPostProcessorChecker : Bean 'org.springframework.security.config.annotation.configuration.ObjectPostProcessorConfiguration' of type [org.springframework.security.config.annotation.configuration.ObjectPostProcessorConfiguration] is not eligible for getting processed by all BeanPostProcessors (for example: not eligible for auto-proxying)
2020-04-01 13:40:38.038  INFO 7864 --- [main] trationDelegate$BeanPostProcessorChecker : Bean 'objectPostProcessor' of type [org.springframework.security.config.annotation.configuration.AutowireBeanFactoryObjectPostProcessor] is not eligible for getting processed by all BeanPostProcessors (for example: not eligible for auto-proxying)
2020-04-01 13:40:38.040  INFO 7864 --- [main] trationDelegate$BeanPostProcessorChecker : Bean 'org.springframework.security.access.expression.method.DefaultMethodSecurityExpressionHandler@10f7c76' of type [org.springframework.security.access.expression.method.DefaultMethodSecurityExpressionHandler] is not eligible for getting processed by all BeanPostProcessors (for example: not eligible for auto-proxying)
2020-04-01 13:40:38.041  INFO 7864 --- [main] trationDelegate$BeanPostProcessorChecker : Bean 'org.springframework.security.config.annotation.method.configuration.GlobalMethodSecurityConfiguration' of type [org.springframework.security.config.annotation.method.configuration.GlobalMethodSecurityConfiguration] is not eligible for getting processed by all BeanPostProcessors (for example: not eligible for auto-proxying)
2020-04-01 13:40:38.042  INFO 7864 --- [main] trationDelegate$BeanPostProcessorChecker : Bean 'methodSecurityMetadataSource' of type [org.springframework.security.access.method.DelegatingMethodSecurityMetadataSource] is not eligible for getting processed by all BeanPostProcessors (for example: not eligible for auto-proxying)
2020-04-01 13:40:38.202  INFO 7864 --- [main] o.s.b.w.embedded.tomcat.TomcatWebServer  : Tomcat initialized with port(s): 8080 (http)
2020-04-01 13:40:38.209  INFO 7864 --- [main] o.apache.catalina.core.StandardService   : Starting service [Tomcat]
2020-04-01 13:40:38.210  INFO 7864 --- [main] org.apache.catalina.core.StandardEngine  : Starting Servlet engine: [Apache Tomcat/9.0.31]
2020-04-01 13:40:38.273  INFO 7864 --- [main] o.a.c.c.C.[Tomcat].[localhost].[/api]    : Initializing Spring embedded WebApplicationContext
2020-04-01 13:40:38.273  INFO 7864 --- [main] o.s.web.context.ContextLoader            : Root WebApplicationContext: initialization completed in 970 ms
2020-04-01 13:40:38.852  INFO 7864 --- [main] pertySourcedRequestMappingHandlerMapping : Mapped URL path [/v2/api-docs] onto method [springfox.documentation.swagger2.web.Swagger2Controller#getDocumentation(String, HttpServletRequest)]
2020-04-01 13:40:38.949  INFO 7864 --- [main] o.s.s.web.DefaultSecurityFilterChain     : Creating filter chain: any request, [org.springframework.security.web.context.request.async.WebAsyncManagerIntegrationFilter@2afdf6b7, org.springframework.security.web.context.SecurityContextPersistenceFilter@380ce5a3, org.springframework.security.web.header.HeaderWriterFilter@72557746, org.springframework.security.web.authentication.logout.LogoutFilter@67e0fd6d, org.springframework.security.web.authentication.www.BasicAuthenticationFilter@55846997, org.springframework.security.web.savedrequest.RequestCacheAwareFilter@7d9c45ee, org.springframework.security.web.servletapi.SecurityContextHolderAwareRequestFilter@4001d8c1, org.springframework.security.web.authentication.AnonymousAuthenticationFilter@30922f8d, org.springframework.security.web.session.SessionManagementFilter@646427f7, org.springframework.security.web.access.ExceptionTranslationFilter@149274cb, org.springframework.security.web.access.intercept.FilterSecurityInterceptor@2d313c8c]
2020-04-01 13:40:38.988  INFO 7864 --- [main] o.s.s.concurrent.ThreadPoolTaskExecutor  : Initializing ExecutorService 'applicationTaskExecutor'
2020-04-01 13:40:39.096  INFO 7864 --- [main] d.s.w.p.DocumentationPluginsBootstrapper : Context refreshed
2020-04-01 13:40:39.104  INFO 7864 --- [main] d.s.w.p.DocumentationPluginsBootstrapper : Found 1 custom documentation plugin(s)
2020-04-01 13:40:39.126  INFO 7864 --- [main] s.d.s.w.s.ApiListingReferenceScanner     : Scanning for api listing references
2020-04-01 13:40:39.421  INFO 7864 --- [main] o.s.b.w.embedded.tomcat.TomcatWebServer  : Tomcat started on port(s): 8080 (http) with context path '/api'
2020-04-01 13:40:39.423  INFO 7864 --- [main] com.switchfully.jar.Application          : Started Application in 2.381 seconds (JVM running for 2.993)
2020-04-01 13:40:48.833  INFO 7864 --- [http-nio-8080-exec-3] o.a.c.c.C.[Tomcat].[localhost].[/api]    : Initializing Spring DispatcherServlet 'dispatcherServlet'
2020-04-01 13:40:48.835  INFO 7864 --- [http-nio-8080-exec-3] o.s.web.servlet.DispatcherServlet        : Initializing Servlet 'dispatcherServlet'
2020-04-01 13:40:48.839  INFO 7864 --- [http-nio-8080-exec-3] o.s.web.servlet.DispatcherServlet        : Completed initialization in 4 ms
2020-04-01 13:42:43.356  INFO 19928 --- [main] com.switchfully.jar.Application          : Starting Application on CI00085369 with PID 19928 (C:\_Projects\eurder\jar\target\classes started by svenDP in C:\_Projects\eurder)
2020-04-01 13:42:43.358  INFO 19928 --- [main] com.switchfully.jar.Application          : No active profile set, falling back to default profiles: default
2020-04-01 13:42:44.133  INFO 19928 --- [main] trationDelegate$BeanPostProcessorChecker : Bean 'org.springframework.security.config.annotation.configuration.ObjectPostProcessorConfiguration' of type [org.springframework.security.config.annotation.configuration.ObjectPostProcessorConfiguration] is not eligible for getting processed by all BeanPostProcessors (for example: not eligible for auto-proxying)
2020-04-01 13:42:44.137  INFO 19928 --- [main] trationDelegate$BeanPostProcessorChecker : Bean 'objectPostProcessor' of type [org.springframework.security.config.annotation.configuration.AutowireBeanFactoryObjectPostProcessor] is not eligible for getting processed by all BeanPostProcessors (for example: not eligible for auto-proxying)
2020-04-01 13:42:44.139  INFO 19928 --- [main] trationDelegate$BeanPostProcessorChecker : Bean 'org.springframework.security.access.expression.method.DefaultMethodSecurityExpressionHandler@a451491' of type [org.springframework.security.access.expression.method.DefaultMethodSecurityExpressionHandler] is not eligible for getting processed by all BeanPostProcessors (for example: not eligible for auto-proxying)
2020-04-01 13:42:44.141  INFO 19928 --- [main] trationDelegate$BeanPostProcessorChecker : Bean 'org.springframework.security.config.annotation.method.configuration.GlobalMethodSecurityConfiguration' of type [org.springframework.security.config.annotation.method.configuration.GlobalMethodSecurityConfiguration] is not eligible for getting processed by all BeanPostProcessors (for example: not eligible for auto-proxying)
2020-04-01 13:42:44.142  INFO 19928 --- [main] trationDelegate$BeanPostProcessorChecker : Bean 'methodSecurityMetadataSource' of type [org.springframework.security.access.method.DelegatingMethodSecurityMetadataSource] is not eligible for getting processed by all BeanPostProcessors (for example: not eligible for auto-proxying)
2020-04-01 13:42:44.295  INFO 19928 --- [main] o.s.b.w.embedded.tomcat.TomcatWebServer  : Tomcat initialized with port(s): 8080 (http)
2020-04-01 13:42:44.301  INFO 19928 --- [main] o.apache.catalina.core.StandardService   : Starting service [Tomcat]
2020-04-01 13:42:44.301  INFO 19928 --- [main] org.apache.catalina.core.StandardEngine  : Starting Servlet engine: [Apache Tomcat/9.0.31]
2020-04-01 13:42:44.371  INFO 19928 --- [main] o.a.c.c.C.[Tomcat].[localhost].[/api]    : Initializing Spring embedded WebApplicationContext
2020-04-01 13:42:44.371  INFO 19928 --- [main] o.s.web.context.ContextLoader            : Root WebApplicationContext: initialization completed in 984 ms
2020-04-01 13:42:44.965  INFO 19928 --- [main] pertySourcedRequestMappingHandlerMapping : Mapped URL path [/v2/api-docs] onto method [springfox.documentation.swagger2.web.Swagger2Controller#getDocumentation(String, HttpServletRequest)]
2020-04-01 13:42:45.061  INFO 19928 --- [main] o.s.s.web.DefaultSecurityFilterChain     : Creating filter chain: any request, [org.springframework.security.web.context.request.async.WebAsyncManagerIntegrationFilter@4e4162bc, org.springframework.security.web.context.SecurityContextPersistenceFilter@57fdb8a4, org.springframework.security.web.header.HeaderWriterFilter@58278366, org.springframework.security.web.authentication.logout.LogoutFilter@34c53688, org.springframework.security.web.authentication.www.BasicAuthenticationFilter@5bda157e, org.springframework.security.web.savedrequest.RequestCacheAwareFilter@2db15f70, org.springframework.security.web.servletapi.SecurityContextHolderAwareRequestFilter@6bcae9, org.springframework.security.web.authentication.AnonymousAuthenticationFilter@4c319d52, org.springframework.security.web.session.SessionManagementFilter@632b305d, org.springframework.security.web.access.ExceptionTranslationFilter@7c11d32, org.springframework.security.web.access.intercept.FilterSecurityInterceptor@2fc49538]
2020-04-01 13:42:45.103  INFO 19928 --- [main] o.s.s.concurrent.ThreadPoolTaskExecutor  : Initializing ExecutorService 'applicationTaskExecutor'
2020-04-01 13:42:45.205  INFO 19928 --- [main] d.s.w.p.DocumentationPluginsBootstrapper : Context refreshed
2020-04-01 13:42:45.213  INFO 19928 --- [main] d.s.w.p.DocumentationPluginsBootstrapper : Found 1 custom documentation plugin(s)
2020-04-01 13:42:45.244  INFO 19928 --- [main] s.d.s.w.s.ApiListingReferenceScanner     : Scanning for api listing references
2020-04-01 13:42:45.536  INFO 19928 --- [main] o.s.b.w.embedded.tomcat.TomcatWebServer  : Tomcat started on port(s): 8080 (http) with context path '/api'
2020-04-01 13:42:45.539  INFO 19928 --- [main] com.switchfully.jar.Application          : Started Application in 2.42 seconds (JVM running for 3.009)
2020-04-01 13:42:50.807  INFO 19928 --- [http-nio-8080-exec-3] o.a.c.c.C.[Tomcat].[localhost].[/api]    : Initializing Spring DispatcherServlet 'dispatcherServlet'
2020-04-01 13:42:50.808  INFO 19928 --- [http-nio-8080-exec-3] o.s.web.servlet.DispatcherServlet        : Initializing Servlet 'dispatcherServlet'
2020-04-01 13:42:50.817  INFO 19928 --- [http-nio-8080-exec-3] o.s.web.servlet.DispatcherServlet        : Completed initialization in 8 ms
2020-04-01 13:45:44.005  INFO 23272 --- [main] com.switchfully.jar.Application          : Starting Application on CI00085369 with PID 23272 (C:\_Projects\eurder\jar\target\classes started by svenDP in C:\_Projects\eurder)
2020-04-01 13:45:44.007  INFO 23272 --- [main] com.switchfully.jar.Application          : No active profile set, falling back to default profiles: default
2020-04-01 13:45:44.829  INFO 23272 --- [main] trationDelegate$BeanPostProcessorChecker : Bean 'org.springframework.security.config.annotation.configuration.ObjectPostProcessorConfiguration' of type [org.springframework.security.config.annotation.configuration.ObjectPostProcessorConfiguration] is not eligible for getting processed by all BeanPostProcessors (for example: not eligible for auto-proxying)
2020-04-01 13:45:44.832  INFO 23272 --- [main] trationDelegate$BeanPostProcessorChecker : Bean 'objectPostProcessor' of type [org.springframework.security.config.annotation.configuration.AutowireBeanFactoryObjectPostProcessor] is not eligible for getting processed by all BeanPostProcessors (for example: not eligible for auto-proxying)
2020-04-01 13:45:44.834  INFO 23272 --- [main] trationDelegate$BeanPostProcessorChecker : Bean 'org.springframework.security.access.expression.method.DefaultMethodSecurityExpressionHandler@59072e9d' of type [org.springframework.security.access.expression.method.DefaultMethodSecurityExpressionHandler] is not eligible for getting processed by all BeanPostProcessors (for example: not eligible for auto-proxying)
2020-04-01 13:45:44.835  INFO 23272 --- [main] trationDelegate$BeanPostProcessorChecker : Bean 'org.springframework.security.config.annotation.method.configuration.GlobalMethodSecurityConfiguration' of type [org.springframework.security.config.annotation.method.configuration.GlobalMethodSecurityConfiguration] is not eligible for getting processed by all BeanPostProcessors (for example: not eligible for auto-proxying)
2020-04-01 13:45:44.836  INFO 23272 --- [main] trationDelegate$BeanPostProcessorChecker : Bean 'methodSecurityMetadataSource' of type [org.springframework.security.access.method.DelegatingMethodSecurityMetadataSource] is not eligible for getting processed by all BeanPostProcessors (for example: not eligible for auto-proxying)
2020-04-01 13:45:44.988  INFO 23272 --- [main] o.s.b.w.embedded.tomcat.TomcatWebServer  : Tomcat initialized with port(s): 8080 (http)
2020-04-01 13:45:44.994  INFO 23272 --- [main] o.apache.catalina.core.StandardService   : Starting service [Tomcat]
2020-04-01 13:45:44.994  INFO 23272 --- [main] org.apache.catalina.core.StandardEngine  : Starting Servlet engine: [Apache Tomcat/9.0.31]
2020-04-01 13:45:45.068  INFO 23272 --- [main] o.a.c.c.C.[Tomcat].[localhost].[/api]    : Initializing Spring embedded WebApplicationContext
2020-04-01 13:45:45.068  INFO 23272 --- [main] o.s.web.context.ContextLoader            : Root WebApplicationContext: initialization completed in 1026 ms
2020-04-01 13:45:45.644  INFO 23272 --- [main] pertySourcedRequestMappingHandlerMapping : Mapped URL path [/v2/api-docs] onto method [springfox.documentation.swagger2.web.Swagger2Controller#getDocumentation(String, HttpServletRequest)]
2020-04-01 13:45:45.741  INFO 23272 --- [main] o.s.s.web.DefaultSecurityFilterChain     : Creating filter chain: any request, [org.springframework.security.web.context.request.async.WebAsyncManagerIntegrationFilter@67e0fd6d, org.springframework.security.web.context.SecurityContextPersistenceFilter@2f9dda71, org.springframework.security.web.header.HeaderWriterFilter@372461a9, org.springframework.security.web.authentication.logout.LogoutFilter@5efe47fd, org.springframework.security.web.authentication.www.BasicAuthenticationFilter@443cdaa4, org.springframework.security.web.savedrequest.RequestCacheAwareFilter@7f5fcfe9, org.springframework.security.web.servletapi.SecurityContextHolderAwareRequestFilter@475f5672, org.springframework.security.web.authentication.AnonymousAuthenticationFilter@21390938, org.springframework.security.web.session.SessionManagementFilter@5b5f9003, org.springframework.security.web.access.ExceptionTranslationFilter@457a5b2d, org.springframework.security.web.access.intercept.FilterSecurityInterceptor@fb5aeed]
2020-04-01 13:45:45.779  INFO 23272 --- [main] o.s.s.concurrent.ThreadPoolTaskExecutor  : Initializing ExecutorService 'applicationTaskExecutor'
2020-04-01 13:45:45.880  INFO 23272 --- [main] d.s.w.p.DocumentationPluginsBootstrapper : Context refreshed
2020-04-01 13:45:45.889  INFO 23272 --- [main] d.s.w.p.DocumentationPluginsBootstrapper : Found 1 custom documentation plugin(s)
2020-04-01 13:45:45.913  INFO 23272 --- [main] s.d.s.w.s.ApiListingReferenceScanner     : Scanning for api listing references
2020-04-01 13:45:46.207  INFO 23272 --- [main] o.s.b.w.embedded.tomcat.TomcatWebServer  : Tomcat started on port(s): 8080 (http) with context path '/api'
2020-04-01 13:45:46.209  INFO 23272 --- [main] com.switchfully.jar.Application          : Started Application in 2.449 seconds (JVM running for 3.018)
2020-04-01 13:45:52.078  INFO 23272 --- [http-nio-8080-exec-3] o.a.c.c.C.[Tomcat].[localhost].[/api]    : Initializing Spring DispatcherServlet 'dispatcherServlet'
2020-04-01 13:45:52.079  INFO 23272 --- [http-nio-8080-exec-3] o.s.web.servlet.DispatcherServlet        : Initializing Servlet 'dispatcherServlet'
2020-04-01 13:45:52.086  INFO 23272 --- [http-nio-8080-exec-3] o.s.web.servlet.DispatcherServlet        : Completed initialization in 6 ms
2020-04-01 13:45:52.415  INFO 23272 --- [http-nio-8080-exec-3] c.switchfully.service.user.UserService   : Returning all members
2020-04-01 13:48:46.704  INFO 23272 --- [http-nio-8080-exec-6] c.switchfully.service.user.UserService   : Registering a new customer.
2020-04-01 13:48:54.499  INFO 23272 --- [http-nio-8080-exec-4] c.switchfully.service.user.UserService   : Registering a new customer.
2020-04-01 13:49:04.643  INFO 23272 --- [http-nio-8080-exec-8] c.switchfully.service.user.UserService   : Registering a new customer.
2020-04-01 13:49:16.263  INFO 23272 --- [http-nio-8080-exec-10] c.switchfully.service.user.UserService   : Returning all members
2020-04-01 13:53:50.678  INFO 21692 --- [main] com.switchfully.jar.Application          : Starting Application on CI00085369 with PID 21692 (C:\_Projects\eurder\jar\target\classes started by svenDP in C:\_Projects\eurder)
2020-04-01 13:53:50.681  INFO 21692 --- [main] com.switchfully.jar.Application          : No active profile set, falling back to default profiles: default
2020-04-01 13:53:51.472  INFO 21692 --- [main] trationDelegate$BeanPostProcessorChecker : Bean 'org.springframework.security.config.annotation.configuration.ObjectPostProcessorConfiguration' of type [org.springframework.security.config.annotation.configuration.ObjectPostProcessorConfiguration] is not eligible for getting processed by all BeanPostProcessors (for example: not eligible for auto-proxying)
2020-04-01 13:53:51.476  INFO 21692 --- [main] trationDelegate$BeanPostProcessorChecker : Bean 'objectPostProcessor' of type [org.springframework.security.config.annotation.configuration.AutowireBeanFactoryObjectPostProcessor] is not eligible for getting processed by all BeanPostProcessors (for example: not eligible for auto-proxying)
2020-04-01 13:53:51.478  INFO 21692 --- [main] trationDelegate$BeanPostProcessorChecker : Bean 'org.springframework.security.access.expression.method.DefaultMethodSecurityExpressionHandler@296e281a' of type [org.springframework.security.access.expression.method.DefaultMethodSecurityExpressionHandler] is not eligible for getting processed by all BeanPostProcessors (for example: not eligible for auto-proxying)
2020-04-01 13:53:51.480  INFO 21692 --- [main] trationDelegate$BeanPostProcessorChecker : Bean 'org.springframework.security.config.annotation.method.configuration.GlobalMethodSecurityConfiguration' of type [org.springframework.security.config.annotation.method.configuration.GlobalMethodSecurityConfiguration] is not eligible for getting processed by all BeanPostProcessors (for example: not eligible for auto-proxying)
2020-04-01 13:53:51.481  INFO 21692 --- [main] trationDelegate$BeanPostProcessorChecker : Bean 'methodSecurityMetadataSource' of type [org.springframework.security.access.method.DelegatingMethodSecurityMetadataSource] is not eligible for getting processed by all BeanPostProcessors (for example: not eligible for auto-proxying)
2020-04-01 13:53:51.632  INFO 21692 --- [main] o.s.b.w.embedded.tomcat.TomcatWebServer  : Tomcat initialized with port(s): 8080 (http)
2020-04-01 13:53:51.639  INFO 21692 --- [main] o.apache.catalina.core.StandardService   : Starting service [Tomcat]
2020-04-01 13:53:51.639  INFO 21692 --- [main] org.apache.catalina.core.StandardEngine  : Starting Servlet engine: [Apache Tomcat/9.0.31]
2020-04-01 13:53:51.711  INFO 21692 --- [main] o.a.c.c.C.[Tomcat].[localhost].[/api]    : Initializing Spring embedded WebApplicationContext
2020-04-01 13:53:51.711  INFO 21692 --- [main] o.s.web.context.ContextLoader            : Root WebApplicationContext: initialization completed in 996 ms
2020-04-01 13:53:52.284  INFO 21692 --- [main] pertySourcedRequestMappingHandlerMapping : Mapped URL path [/v2/api-docs] onto method [springfox.documentation.swagger2.web.Swagger2Controller#getDocumentation(String, HttpServletRequest)]
2020-04-01 13:53:52.382  INFO 21692 --- [main] o.s.s.web.DefaultSecurityFilterChain     : Creating filter chain: any request, [org.springframework.security.web.context.request.async.WebAsyncManagerIntegrationFilter@696b52bc, org.springframework.security.web.context.SecurityContextPersistenceFilter@619c93ca, org.springframework.security.web.header.HeaderWriterFilter@fb5aeed, org.springframework.security.web.authentication.logout.LogoutFilter@559af296, org.springframework.security.web.authentication.www.BasicAuthenticationFilter@28a6e171, org.springframework.security.web.savedrequest.RequestCacheAwareFilter@6aa5974e, org.springframework.security.web.servletapi.SecurityContextHolderAwareRequestFilter@7a388990, org.springframework.security.web.authentication.AnonymousAuthenticationFilter@1f884bd6, org.springframework.security.web.session.SessionManagementFilter@443cdaa4, org.springframework.security.web.access.ExceptionTranslationFilter@380ce5a3, org.springframework.security.web.access.intercept.FilterSecurityInterceptor@35bd8bc9]
2020-04-01 13:53:52.419  INFO 21692 --- [main] o.s.s.concurrent.ThreadPoolTaskExecutor  : Initializing ExecutorService 'applicationTaskExecutor'
2020-04-01 13:53:52.519  INFO 21692 --- [main] d.s.w.p.DocumentationPluginsBootstrapper : Context refreshed
2020-04-01 13:53:52.528  INFO 21692 --- [main] d.s.w.p.DocumentationPluginsBootstrapper : Found 1 custom documentation plugin(s)
2020-04-01 13:53:52.552  INFO 21692 --- [main] s.d.s.w.s.ApiListingReferenceScanner     : Scanning for api listing references
2020-04-01 13:53:52.849  INFO 21692 --- [main] o.s.b.w.embedded.tomcat.TomcatWebServer  : Tomcat started on port(s): 8080 (http) with context path '/api'
2020-04-01 13:53:52.851  INFO 21692 --- [main] com.switchfully.jar.Application          : Started Application in 2.407 seconds (JVM running for 3.015)
2020-04-01 13:54:12.692  INFO 21692 --- [http-nio-8080-exec-1] o.a.c.c.C.[Tomcat].[localhost].[/api]    : Initializing Spring DispatcherServlet 'dispatcherServlet'
2020-04-01 13:54:12.693  INFO 21692 --- [http-nio-8080-exec-1] o.s.web.servlet.DispatcherServlet        : Initializing Servlet 'dispatcherServlet'
2020-04-01 13:54:12.698  INFO 21692 --- [http-nio-8080-exec-1] o.s.web.servlet.DispatcherServlet        : Completed initialization in 5 ms
2020-04-01 13:54:12.763  INFO 21692 --- [http-nio-8080-exec-1] c.switchfully.service.user.UserService   : Registering a new customer.
2020-04-01 13:54:23.347  INFO 21692 --- [http-nio-8080-exec-5] c.switchfully.service.user.UserService   : Returning all members
2020-04-01 14:01:26.498  INFO 22896 --- [main] com.switchfully.jar.Application          : Starting Application on CI00085369 with PID 22896 (C:\_Projects\eurder\jar\target\classes started by svenDP in C:\_Projects\eurder)
2020-04-01 14:01:26.501  INFO 22896 --- [main] com.switchfully.jar.Application          : No active profile set, falling back to default profiles: default
2020-04-01 14:01:27.688  INFO 22896 --- [main] trationDelegate$BeanPostProcessorChecker : Bean 'org.springframework.security.config.annotation.configuration.ObjectPostProcessorConfiguration' of type [org.springframework.security.config.annotation.configuration.ObjectPostProcessorConfiguration] is not eligible for getting processed by all BeanPostProcessors (for example: not eligible for auto-proxying)
2020-04-01 14:01:27.693  INFO 22896 --- [main] trationDelegate$BeanPostProcessorChecker : Bean 'objectPostProcessor' of type [org.springframework.security.config.annotation.configuration.AutowireBeanFactoryObjectPostProcessor] is not eligible for getting processed by all BeanPostProcessors (for example: not eligible for auto-proxying)
2020-04-01 14:01:27.696  INFO 22896 --- [main] trationDelegate$BeanPostProcessorChecker : Bean 'org.springframework.security.access.expression.method.DefaultMethodSecurityExpressionHandler@7fe82967' of type [org.springframework.security.access.expression.method.DefaultMethodSecurityExpressionHandler] is not eligible for getting processed by all BeanPostProcessors (for example: not eligible for auto-proxying)
2020-04-01 14:01:27.697  INFO 22896 --- [main] trationDelegate$BeanPostProcessorChecker : Bean 'org.springframework.security.config.annotation.method.configuration.GlobalMethodSecurityConfiguration' of type [org.springframework.security.config.annotation.method.configuration.GlobalMethodSecurityConfiguration] is not eligible for getting processed by all BeanPostProcessors (for example: not eligible for auto-proxying)
2020-04-01 14:01:27.700  INFO 22896 --- [main] trationDelegate$BeanPostProcessorChecker : Bean 'methodSecurityMetadataSource' of type [org.springframework.security.access.method.DelegatingMethodSecurityMetadataSource] is not eligible for getting processed by all BeanPostProcessors (for example: not eligible for auto-proxying)
2020-04-01 14:01:27.879  INFO 22896 --- [main] o.s.b.w.embedded.tomcat.TomcatWebServer  : Tomcat initialized with port(s): 8080 (http)
2020-04-01 14:01:27.887  INFO 22896 --- [main] o.apache.catalina.core.StandardService   : Starting service [Tomcat]
2020-04-01 14:01:27.887  INFO 22896 --- [main] org.apache.catalina.core.StandardEngine  : Starting Servlet engine: [Apache Tomcat/9.0.31]
2020-04-01 14:01:27.958  INFO 22896 --- [main] o.a.c.c.C.[Tomcat].[localhost].[/api]    : Initializing Spring embedded WebApplicationContext
2020-04-01 14:01:27.958  INFO 22896 --- [main] o.s.web.context.ContextLoader            : Root WebApplicationContext: initialization completed in 1429 ms
2020-04-01 14:01:28.556  INFO 22896 --- [main] pertySourcedRequestMappingHandlerMapping : Mapped URL path [/v2/api-docs] onto method [springfox.documentation.swagger2.web.Swagger2Controller#getDocumentation(String, HttpServletRequest)]
2020-04-01 14:01:28.657  INFO 22896 --- [main] o.s.s.web.DefaultSecurityFilterChain     : Creating filter chain: any request, [org.springframework.security.web.context.request.async.WebAsyncManagerIntegrationFilter@2d28fb02, org.springframework.security.web.context.SecurityContextPersistenceFilter@1f15e689, org.springframework.security.web.header.HeaderWriterFilter@552fee7a, org.springframework.security.web.authentication.logout.LogoutFilter@149274cb, org.springframework.security.web.authentication.www.BasicAuthenticationFilter@1a531422, org.springframework.security.web.savedrequest.RequestCacheAwareFilter@3ebc955b, org.springframework.security.web.servletapi.SecurityContextHolderAwareRequestFilter@3830f918, org.springframework.security.web.authentication.AnonymousAuthenticationFilter@6db328f8, org.springframework.security.web.session.SessionManagementFilter@2db15f70, org.springframework.security.web.access.ExceptionTranslationFilter@707865bd, org.springframework.security.web.access.intercept.FilterSecurityInterceptor@7ca492d9]
2020-04-01 14:01:28.695  INFO 22896 --- [main] o.s.s.concurrent.ThreadPoolTaskExecutor  : Initializing ExecutorService 'applicationTaskExecutor'
2020-04-01 14:01:28.791  INFO 22896 --- [main] d.s.w.p.DocumentationPluginsBootstrapper : Context refreshed
2020-04-01 14:01:28.799  INFO 22896 --- [main] d.s.w.p.DocumentationPluginsBootstrapper : Found 1 custom documentation plugin(s)
2020-04-01 14:01:28.823  INFO 22896 --- [main] s.d.s.w.s.ApiListingReferenceScanner     : Scanning for api listing references
2020-04-01 14:01:29.151  INFO 22896 --- [main] o.s.b.w.embedded.tomcat.TomcatWebServer  : Tomcat started on port(s): 8080 (http) with context path '/api'
2020-04-01 14:01:29.153  INFO 22896 --- [main] com.switchfully.jar.Application          : Started Application in 2.883 seconds (JVM running for 3.529)
2020-04-01 14:01:40.528  INFO 22896 --- [http-nio-8080-exec-2] o.a.c.c.C.[Tomcat].[localhost].[/api]    : Initializing Spring DispatcherServlet 'dispatcherServlet'
2020-04-01 14:01:40.529  INFO 22896 --- [http-nio-8080-exec-2] o.s.web.servlet.DispatcherServlet        : Initializing Servlet 'dispatcherServlet'
2020-04-01 14:01:40.536  INFO 22896 --- [http-nio-8080-exec-2] o.s.web.servlet.DispatcherServlet        : Completed initialization in 7 ms
2020-04-01 14:01:40.594  INFO 22896 --- [http-nio-8080-exec-2] c.switchfully.service.user.UserService   : Registering a new customer.
2020-04-01 14:01:48.397  INFO 22896 --- [http-nio-8080-exec-3] c.switchfully.service.user.UserService   : Returning all members
2020-04-01 16:36:28.508  INFO 7548 --- [main] com.switchfully.jar.Application          : Starting Application on CI00085369 with PID 7548 (C:\_Projects\eurder\jar\target\classes started by svenDP in C:\_Projects\eurder)
2020-04-01 16:36:28.510  INFO 7548 --- [main] com.switchfully.jar.Application          : No active profile set, falling back to default profiles: default
2020-04-01 16:36:29.326  INFO 7548 --- [main] trationDelegate$BeanPostProcessorChecker : Bean 'org.springframework.security.config.annotation.configuration.ObjectPostProcessorConfiguration' of type [org.springframework.security.config.annotation.configuration.ObjectPostProcessorConfiguration] is not eligible for getting processed by all BeanPostProcessors (for example: not eligible for auto-proxying)
2020-04-01 16:36:29.330  INFO 7548 --- [main] trationDelegate$BeanPostProcessorChecker : Bean 'objectPostProcessor' of type [org.springframework.security.config.annotation.configuration.AutowireBeanFactoryObjectPostProcessor] is not eligible for getting processed by all BeanPostProcessors (for example: not eligible for auto-proxying)
2020-04-01 16:36:29.333  INFO 7548 --- [main] trationDelegate$BeanPostProcessorChecker : Bean 'org.springframework.security.access.expression.method.DefaultMethodSecurityExpressionHandler@524a076e' of type [org.springframework.security.access.expression.method.DefaultMethodSecurityExpressionHandler] is not eligible for getting processed by all BeanPostProcessors (for example: not eligible for auto-proxying)
2020-04-01 16:36:29.334  INFO 7548 --- [main] trationDelegate$BeanPostProcessorChecker : Bean 'org.springframework.security.config.annotation.method.configuration.GlobalMethodSecurityConfiguration' of type [org.springframework.security.config.annotation.method.configuration.GlobalMethodSecurityConfiguration] is not eligible for getting processed by all BeanPostProcessors (for example: not eligible for auto-proxying)
2020-04-01 16:36:29.336  INFO 7548 --- [main] trationDelegate$BeanPostProcessorChecker : Bean 'methodSecurityMetadataSource' of type [org.springframework.security.access.method.DelegatingMethodSecurityMetadataSource] is not eligible for getting processed by all BeanPostProcessors (for example: not eligible for auto-proxying)
2020-04-01 16:36:29.492  INFO 7548 --- [main] o.s.b.w.embedded.tomcat.TomcatWebServer  : Tomcat initialized with port(s): 8080 (http)
2020-04-01 16:36:29.498  INFO 7548 --- [main] o.apache.catalina.core.StandardService   : Starting service [Tomcat]
2020-04-01 16:36:29.498  INFO 7548 --- [main] org.apache.catalina.core.StandardEngine  : Starting Servlet engine: [Apache Tomcat/9.0.31]
2020-04-01 16:36:29.569  INFO 7548 --- [main] o.a.c.c.C.[Tomcat].[localhost].[/api]    : Initializing Spring embedded WebApplicationContext
2020-04-01 16:36:29.569  INFO 7548 --- [main] o.s.web.context.ContextLoader            : Root WebApplicationContext: initialization completed in 1031 ms
2020-04-01 16:36:30.163  INFO 7548 --- [main] pertySourcedRequestMappingHandlerMapping : Mapped URL path [/v2/api-docs] onto method [springfox.documentation.swagger2.web.Swagger2Controller#getDocumentation(String, HttpServletRequest)]
2020-04-01 16:36:30.262  INFO 7548 --- [main] o.s.s.web.DefaultSecurityFilterChain     : Creating filter chain: any request, [org.springframework.security.web.context.request.async.WebAsyncManagerIntegrationFilter@559af296, org.springframework.security.web.context.SecurityContextPersistenceFilter@38883a31, org.springframework.security.web.header.HeaderWriterFilter@1f15e689, org.springframework.security.web.authentication.logout.LogoutFilter@646427f7, org.springframework.security.web.authentication.www.BasicAuthenticationFilter@6403a4a5, org.springframework.security.web.savedrequest.RequestCacheAwareFilter@7fe8c7db, org.springframework.security.web.servletapi.SecurityContextHolderAwareRequestFilter@19ae2ee5, org.springframework.security.web.authentication.AnonymousAuthenticationFilter@5edc3e29, org.springframework.security.web.session.SessionManagementFilter@14c99bf6, org.springframework.security.web.access.ExceptionTranslationFilter@2db15f70, org.springframework.security.web.access.intercept.FilterSecurityInterceptor@13213f26]
2020-04-01 16:36:30.309  INFO 7548 --- [main] o.s.s.concurrent.ThreadPoolTaskExecutor  : Initializing ExecutorService 'applicationTaskExecutor'
2020-04-01 16:36:30.428  INFO 7548 --- [main] d.s.w.p.DocumentationPluginsBootstrapper : Context refreshed
2020-04-01 16:36:30.438  INFO 7548 --- [main] d.s.w.p.DocumentationPluginsBootstrapper : Found 1 custom documentation plugin(s)
2020-04-01 16:36:30.466  INFO 7548 --- [main] s.d.s.w.s.ApiListingReferenceScanner     : Scanning for api listing references
2020-04-01 16:36:30.553  INFO 7548 --- [main] .d.s.w.r.o.CachingOperationNameGenerator : Generating unique operation named: getAllMembersUsingGET_1
2020-04-01 16:36:30.766  INFO 7548 --- [main] o.apache.catalina.core.StandardService   : Stopping service [Tomcat]
2020-04-01 16:36:30.778  INFO 7548 --- [main] ConditionEvaluationReportLoggingListener : 

Error starting ApplicationContext. To display the conditions report re-run your application with 'debug' enabled.
2020-04-01 16:36:30.782 ERROR 7548 --- [main] o.s.b.d.LoggingFailureAnalysisReporter   : 

***************************
APPLICATION FAILED TO START
***************************

Description:

Web server failed to start. Port 8080 was already in use.

Action:

Identify and stop the process that's listening on port 8080 or configure this application to listen on another port.

2020-04-01 16:36:30.784  INFO 7548 --- [main] o.s.s.concurrent.ThreadPoolTaskExecutor  : Shutting down ExecutorService 'applicationTaskExecutor'
2020-04-01 16:37:05.271  INFO 7412 --- [main] com.switchfully.jar.Application          : Starting Application on CI00085369 with PID 7412 (C:\_Projects\eurder\jar\target\classes started by svenDP in C:\_Projects\eurder)
2020-04-01 16:37:05.273  INFO 7412 --- [main] com.switchfully.jar.Application          : No active profile set, falling back to default profiles: default
2020-04-01 16:37:06.059  INFO 7412 --- [main] trationDelegate$BeanPostProcessorChecker : Bean 'org.springframework.security.config.annotation.configuration.ObjectPostProcessorConfiguration' of type [org.springframework.security.config.annotation.configuration.ObjectPostProcessorConfiguration] is not eligible for getting processed by all BeanPostProcessors (for example: not eligible for auto-proxying)
2020-04-01 16:37:06.063  INFO 7412 --- [main] trationDelegate$BeanPostProcessorChecker : Bean 'objectPostProcessor' of type [org.springframework.security.config.annotation.configuration.AutowireBeanFactoryObjectPostProcessor] is not eligible for getting processed by all BeanPostProcessors (for example: not eligible for auto-proxying)
2020-04-01 16:37:06.065  INFO 7412 --- [main] trationDelegate$BeanPostProcessorChecker : Bean 'org.springframework.security.access.expression.method.DefaultMethodSecurityExpressionHandler@599e4d41' of type [org.springframework.security.access.expression.method.DefaultMethodSecurityExpressionHandler] is not eligible for getting processed by all BeanPostProcessors (for example: not eligible for auto-proxying)
2020-04-01 16:37:06.066  INFO 7412 --- [main] trationDelegate$BeanPostProcessorChecker : Bean 'org.springframework.security.config.annotation.method.configuration.GlobalMethodSecurityConfiguration' of type [org.springframework.security.config.annotation.method.configuration.GlobalMethodSecurityConfiguration] is not eligible for getting processed by all BeanPostProcessors (for example: not eligible for auto-proxying)
2020-04-01 16:37:06.068  INFO 7412 --- [main] trationDelegate$BeanPostProcessorChecker : Bean 'methodSecurityMetadataSource' of type [org.springframework.security.access.method.DelegatingMethodSecurityMetadataSource] is not eligible for getting processed by all BeanPostProcessors (for example: not eligible for auto-proxying)
2020-04-01 16:37:06.223  INFO 7412 --- [main] o.s.b.w.embedded.tomcat.TomcatWebServer  : Tomcat initialized with port(s): 8080 (http)
2020-04-01 16:37:06.230  INFO 7412 --- [main] o.apache.catalina.core.StandardService   : Starting service [Tomcat]
2020-04-01 16:37:06.230  INFO 7412 --- [main] org.apache.catalina.core.StandardEngine  : Starting Servlet engine: [Apache Tomcat/9.0.31]
2020-04-01 16:37:06.305  INFO 7412 --- [main] o.a.c.c.C.[Tomcat].[localhost].[/api]    : Initializing Spring embedded WebApplicationContext
2020-04-01 16:37:06.306  INFO 7412 --- [main] o.s.web.context.ContextLoader            : Root WebApplicationContext: initialization completed in 1003 ms
2020-04-01 16:37:06.885  INFO 7412 --- [main] pertySourcedRequestMappingHandlerMapping : Mapped URL path [/v2/api-docs] onto method [springfox.documentation.swagger2.web.Swagger2Controller#getDocumentation(String, HttpServletRequest)]
2020-04-01 16:37:06.991  INFO 7412 --- [main] o.s.s.web.DefaultSecurityFilterChain     : Creating filter chain: any request, [org.springframework.security.web.context.request.async.WebAsyncManagerIntegrationFilter@45d56062, org.springframework.security.web.context.SecurityContextPersistenceFilter@3c88191b, org.springframework.security.web.header.HeaderWriterFilter@6221b13b, org.springframework.security.web.authentication.logout.LogoutFilter@4c319d52, org.springframework.security.web.authentication.www.BasicAuthenticationFilter@2afdf6b7, org.springframework.security.web.savedrequest.RequestCacheAwareFilter@4001d8c1, org.springframework.security.web.servletapi.SecurityContextHolderAwareRequestFilter@2fc49538, org.springframework.security.web.authentication.AnonymousAuthenticationFilter@4026461d, org.springframework.security.web.session.SessionManagementFilter@423ed3b5, org.springframework.security.web.access.ExceptionTranslationFilter@101bdd1c, org.springframework.security.web.access.intercept.FilterSecurityInterceptor@7e52a26b]
2020-04-01 16:37:07.031  INFO 7412 --- [main] o.s.s.concurrent.ThreadPoolTaskExecutor  : Initializing ExecutorService 'applicationTaskExecutor'
2020-04-01 16:37:07.138  INFO 7412 --- [main] d.s.w.p.DocumentationPluginsBootstrapper : Context refreshed
2020-04-01 16:37:07.147  INFO 7412 --- [main] d.s.w.p.DocumentationPluginsBootstrapper : Found 1 custom documentation plugin(s)
2020-04-01 16:37:07.173  INFO 7412 --- [main] s.d.s.w.s.ApiListingReferenceScanner     : Scanning for api listing references
2020-04-01 16:37:07.258  INFO 7412 --- [main] .d.s.w.r.o.CachingOperationNameGenerator : Generating unique operation named: getAllMembersUsingGET_1
2020-04-01 16:37:07.487  INFO 7412 --- [main] o.s.b.w.embedded.tomcat.TomcatWebServer  : Tomcat started on port(s): 8080 (http) with context path '/api'
2020-04-01 16:37:07.489  INFO 7412 --- [main] com.switchfully.jar.Application          : Started Application in 2.448 seconds (JVM running for 3.018)
2020-04-01 16:37:38.536  INFO 7412 --- [http-nio-8080-exec-3] o.a.c.c.C.[Tomcat].[localhost].[/api]    : Initializing Spring DispatcherServlet 'dispatcherServlet'
2020-04-01 16:37:38.537  INFO 7412 --- [http-nio-8080-exec-3] o.s.web.servlet.DispatcherServlet        : Initializing Servlet 'dispatcherServlet'
2020-04-01 16:37:38.543  INFO 7412 --- [http-nio-8080-exec-3] o.s.web.servlet.DispatcherServlet        : Completed initialization in 6 ms
2020-04-01 16:37:38.603  INFO 7412 --- [http-nio-8080-exec-3] c.switchfully.service.user.UserService   : Registering a new customer.
2020-04-01 16:37:49.099  INFO 7412 --- [http-nio-8080-exec-5] c.switchfully.service.user.UserService   : Registering a new customer.
2020-04-01 16:37:57.840  INFO 7412 --- [http-nio-8080-exec-4] c.switchfully.service.user.UserService   : Registering a new customer.
2020-04-01 16:38:09.923  INFO 7412 --- [http-nio-8080-exec-10] c.switchfully.service.user.UserService   : Returning all members
2020-04-01 16:38:25.672  INFO 7412 --- [http-nio-8080-exec-6] c.switchfully.service.user.UserService   : Returning member with id: b2ddf9f6-d15c-4eeb-a9da-3fa1575bf9b8
2020-04-01 16:39:34.708  INFO 8364 --- [main] com.switchfully.jar.Application          : Starting Application on CI00085369 with PID 8364 (C:\_Projects\eurder\jar\target\classes started by svenDP in C:\_Projects\eurder)
2020-04-01 16:39:34.710  INFO 8364 --- [main] com.switchfully.jar.Application          : No active profile set, falling back to default profiles: default
2020-04-01 16:39:35.562  INFO 8364 --- [main] trationDelegate$BeanPostProcessorChecker : Bean 'org.springframework.security.config.annotation.configuration.ObjectPostProcessorConfiguration' of type [org.springframework.security.config.annotation.configuration.ObjectPostProcessorConfiguration] is not eligible for getting processed by all BeanPostProcessors (for example: not eligible for auto-proxying)
2020-04-01 16:39:35.565  INFO 8364 --- [main] trationDelegate$BeanPostProcessorChecker : Bean 'objectPostProcessor' of type [org.springframework.security.config.annotation.configuration.AutowireBeanFactoryObjectPostProcessor] is not eligible for getting processed by all BeanPostProcessors (for example: not eligible for auto-proxying)
2020-04-01 16:39:35.568  INFO 8364 --- [main] trationDelegate$BeanPostProcessorChecker : Bean 'org.springframework.security.access.expression.method.DefaultMethodSecurityExpressionHandler@a098d76' of type [org.springframework.security.access.expression.method.DefaultMethodSecurityExpressionHandler] is not eligible for getting processed by all BeanPostProcessors (for example: not eligible for auto-proxying)
2020-04-01 16:39:35.569  INFO 8364 --- [main] trationDelegate$BeanPostProcessorChecker : Bean 'org.springframework.security.config.annotation.method.configuration.GlobalMethodSecurityConfiguration' of type [org.springframework.security.config.annotation.method.configuration.GlobalMethodSecurityConfiguration] is not eligible for getting processed by all BeanPostProcessors (for example: not eligible for auto-proxying)
2020-04-01 16:39:35.571  INFO 8364 --- [main] trationDelegate$BeanPostProcessorChecker : Bean 'methodSecurityMetadataSource' of type [org.springframework.security.access.method.DelegatingMethodSecurityMetadataSource] is not eligible for getting processed by all BeanPostProcessors (for example: not eligible for auto-proxying)
2020-04-01 16:39:35.732  INFO 8364 --- [main] o.s.b.w.embedded.tomcat.TomcatWebServer  : Tomcat initialized with port(s): 8080 (http)
2020-04-01 16:39:35.738  INFO 8364 --- [main] o.apache.catalina.core.StandardService   : Starting service [Tomcat]
2020-04-01 16:39:35.738  INFO 8364 --- [main] org.apache.catalina.core.StandardEngine  : Starting Servlet engine: [Apache Tomcat/9.0.31]
2020-04-01 16:39:35.808  INFO 8364 --- [main] o.a.c.c.C.[Tomcat].[localhost].[/api]    : Initializing Spring embedded WebApplicationContext
2020-04-01 16:39:35.808  INFO 8364 --- [main] o.s.web.context.ContextLoader            : Root WebApplicationContext: initialization completed in 1063 ms
2020-04-01 16:39:36.383  INFO 8364 --- [main] pertySourcedRequestMappingHandlerMapping : Mapped URL path [/v2/api-docs] onto method [springfox.documentation.swagger2.web.Swagger2Controller#getDocumentation(String, HttpServletRequest)]
2020-04-01 16:39:36.483  INFO 8364 --- [main] o.s.s.web.DefaultSecurityFilterChain     : Creating filter chain: any request, [org.springframework.security.web.context.request.async.WebAsyncManagerIntegrationFilter@1f884bd6, org.springframework.security.web.context.SecurityContextPersistenceFilter@486e9d1d, org.springframework.security.web.header.HeaderWriterFilter@73893ec1, org.springframework.security.web.authentication.logout.LogoutFilter@5edc3e29, org.springframework.security.web.authentication.www.BasicAuthenticationFilter@23444a36, org.springframework.security.web.savedrequest.RequestCacheAwareFilter@5e5ddfbc, org.springframework.security.web.servletapi.SecurityContextHolderAwareRequestFilter@13213f26, org.springframework.security.web.authentication.AnonymousAuthenticationFilter@4f081b5d, org.springframework.security.web.session.SessionManagementFilter@3b41e1bf, org.springframework.security.web.access.ExceptionTranslationFilter@4001d8c1, org.springframework.security.web.access.intercept.FilterSecurityInterceptor@6de004f1]
2020-04-01 16:39:36.519  INFO 8364 --- [main] o.s.s.concurrent.ThreadPoolTaskExecutor  : Initializing ExecutorService 'applicationTaskExecutor'
2020-04-01 16:39:36.612  INFO 8364 --- [main] d.s.w.p.DocumentationPluginsBootstrapper : Context refreshed
2020-04-01 16:39:36.620  INFO 8364 --- [main] d.s.w.p.DocumentationPluginsBootstrapper : Found 1 custom documentation plugin(s)
2020-04-01 16:39:36.650  INFO 8364 --- [main] s.d.s.w.s.ApiListingReferenceScanner     : Scanning for api listing references
2020-04-01 16:39:36.728  INFO 8364 --- [main] .d.s.w.r.o.CachingOperationNameGenerator : Generating unique operation named: getAllMembersUsingGET_1
2020-04-01 16:39:36.953  INFO 8364 --- [main] o.s.b.w.embedded.tomcat.TomcatWebServer  : Tomcat started on port(s): 8080 (http) with context path '/api'
2020-04-01 16:39:36.955  INFO 8364 --- [main] com.switchfully.jar.Application          : Started Application in 2.487 seconds (JVM running for 3.111)
2020-04-01 16:39:47.024  INFO 8364 --- [http-nio-8080-exec-2] o.a.c.c.C.[Tomcat].[localhost].[/api]    : Initializing Spring DispatcherServlet 'dispatcherServlet'
2020-04-01 16:39:47.026  INFO 8364 --- [http-nio-8080-exec-2] o.s.web.servlet.DispatcherServlet        : Initializing Servlet 'dispatcherServlet'
2020-04-01 16:39:47.030  INFO 8364 --- [http-nio-8080-exec-2] o.s.web.servlet.DispatcherServlet        : Completed initialization in 4 ms
2020-04-01 16:40:48.919  INFO 22484 --- [main] com.switchfully.jar.Application          : Starting Application on CI00085369 with PID 22484 (C:\_Projects\eurder\jar\target\classes started by svenDP in C:\_Projects\eurder)
2020-04-01 16:40:48.921  INFO 22484 --- [main] com.switchfully.jar.Application          : No active profile set, falling back to default profiles: default
2020-04-01 16:40:49.741  INFO 22484 --- [main] trationDelegate$BeanPostProcessorChecker : Bean 'org.springframework.security.config.annotation.configuration.ObjectPostProcessorConfiguration' of type [org.springframework.security.config.annotation.configuration.ObjectPostProcessorConfiguration] is not eligible for getting processed by all BeanPostProcessors (for example: not eligible for auto-proxying)
2020-04-01 16:40:49.744  INFO 22484 --- [main] trationDelegate$BeanPostProcessorChecker : Bean 'objectPostProcessor' of type [org.springframework.security.config.annotation.configuration.AutowireBeanFactoryObjectPostProcessor] is not eligible for getting processed by all BeanPostProcessors (for example: not eligible for auto-proxying)
2020-04-01 16:40:49.746  INFO 22484 --- [main] trationDelegate$BeanPostProcessorChecker : Bean 'org.springframework.security.access.expression.method.DefaultMethodSecurityExpressionHandler@4faa298' of type [org.springframework.security.access.expression.method.DefaultMethodSecurityExpressionHandler] is not eligible for getting processed by all BeanPostProcessors (for example: not eligible for auto-proxying)
2020-04-01 16:40:49.748  INFO 22484 --- [main] trationDelegate$BeanPostProcessorChecker : Bean 'org.springframework.security.config.annotation.method.configuration.GlobalMethodSecurityConfiguration' of type [org.springframework.security.config.annotation.method.configuration.GlobalMethodSecurityConfiguration] is not eligible for getting processed by all BeanPostProcessors (for example: not eligible for auto-proxying)
2020-04-01 16:40:49.750  INFO 22484 --- [main] trationDelegate$BeanPostProcessorChecker : Bean 'methodSecurityMetadataSource' of type [org.springframework.security.access.method.DelegatingMethodSecurityMetadataSource] is not eligible for getting processed by all BeanPostProcessors (for example: not eligible for auto-proxying)
2020-04-01 16:40:49.903  INFO 22484 --- [main] o.s.b.w.embedded.tomcat.TomcatWebServer  : Tomcat initialized with port(s): 8080 (http)
2020-04-01 16:40:49.909  INFO 22484 --- [main] o.apache.catalina.core.StandardService   : Starting service [Tomcat]
2020-04-01 16:40:49.909  INFO 22484 --- [main] org.apache.catalina.core.StandardEngine  : Starting Servlet engine: [Apache Tomcat/9.0.31]
2020-04-01 16:40:49.982  INFO 22484 --- [main] o.a.c.c.C.[Tomcat].[localhost].[/api]    : Initializing Spring embedded WebApplicationContext
2020-04-01 16:40:49.983  INFO 22484 --- [main] o.s.web.context.ContextLoader            : Root WebApplicationContext: initialization completed in 1016 ms
2020-04-01 16:40:50.564  INFO 22484 --- [main] pertySourcedRequestMappingHandlerMapping : Mapped URL path [/v2/api-docs] onto method [springfox.documentation.swagger2.web.Swagger2Controller#getDocumentation(String, HttpServletRequest)]
2020-04-01 16:40:50.665  INFO 22484 --- [main] o.s.s.web.DefaultSecurityFilterChain     : Creating filter chain: any request, [org.springframework.security.web.context.request.async.WebAsyncManagerIntegrationFilter@77cca767, org.springframework.security.web.context.SecurityContextPersistenceFilter@670342a2, org.springframework.security.web.header.HeaderWriterFilter@38029686, org.springframework.security.web.authentication.logout.LogoutFilter@101cf747, org.springframework.security.web.authentication.www.BasicAuthenticationFilter@7436364d, org.springframework.security.web.savedrequest.RequestCacheAwareFilter@7742a45c, org.springframework.security.web.servletapi.SecurityContextHolderAwareRequestFilter@619c93ca, org.springframework.security.web.authentication.AnonymousAuthenticationFilter@4b195203, org.springframework.security.web.session.SessionManagementFilter@61037caf, org.springframework.security.web.access.ExceptionTranslationFilter@31efacad, org.springframework.security.web.access.intercept.FilterSecurityInterceptor@168142da]
2020-04-01 16:40:50.701  INFO 22484 --- [main] o.s.s.concurrent.ThreadPoolTaskExecutor  : Initializing ExecutorService 'applicationTaskExecutor'
2020-04-01 16:40:50.794  INFO 22484 --- [main] d.s.w.p.DocumentationPluginsBootstrapper : Context refreshed
2020-04-01 16:40:50.803  INFO 22484 --- [main] d.s.w.p.DocumentationPluginsBootstrapper : Found 1 custom documentation plugin(s)
2020-04-01 16:40:50.828  INFO 22484 --- [main] s.d.s.w.s.ApiListingReferenceScanner     : Scanning for api listing references
2020-04-01 16:40:50.908  INFO 22484 --- [main] .d.s.w.r.o.CachingOperationNameGenerator : Generating unique operation named: getAllMembersUsingGET_1
2020-04-01 16:40:51.130  INFO 22484 --- [main] o.s.b.w.embedded.tomcat.TomcatWebServer  : Tomcat started on port(s): 8080 (http) with context path '/api'
2020-04-01 16:40:51.132  INFO 22484 --- [main] com.switchfully.jar.Application          : Started Application in 2.442 seconds (JVM running for 3.04)
2020-04-01 16:40:56.374  INFO 22484 --- [http-nio-8080-exec-1] o.a.c.c.C.[Tomcat].[localhost].[/api]    : Initializing Spring DispatcherServlet 'dispatcherServlet'
2020-04-01 16:40:56.375  INFO 22484 --- [http-nio-8080-exec-1] o.s.web.servlet.DispatcherServlet        : Initializing Servlet 'dispatcherServlet'
2020-04-01 16:40:56.381  INFO 22484 --- [http-nio-8080-exec-1] o.s.web.servlet.DispatcherServlet        : Completed initialization in 6 ms
2020-04-01 16:41:21.134  INFO 10836 --- [main] com.switchfully.jar.Application          : Starting Application on CI00085369 with PID 10836 (C:\_Projects\eurder\jar\target\classes started by svenDP in C:\_Projects\eurder)
2020-04-01 16:41:21.136  INFO 10836 --- [main] com.switchfully.jar.Application          : No active profile set, falling back to default profiles: default
2020-04-01 16:41:21.955  INFO 10836 --- [main] trationDelegate$BeanPostProcessorChecker : Bean 'org.springframework.security.config.annotation.configuration.ObjectPostProcessorConfiguration' of type [org.springframework.security.config.annotation.configuration.ObjectPostProcessorConfiguration] is not eligible for getting processed by all BeanPostProcessors (for example: not eligible for auto-proxying)
2020-04-01 16:41:21.961  INFO 10836 --- [main] trationDelegate$BeanPostProcessorChecker : Bean 'objectPostProcessor' of type [org.springframework.security.config.annotation.configuration.AutowireBeanFactoryObjectPostProcessor] is not eligible for getting processed by all BeanPostProcessors (for example: not eligible for auto-proxying)
2020-04-01 16:41:21.963  INFO 10836 --- [main] trationDelegate$BeanPostProcessorChecker : Bean 'org.springframework.security.access.expression.method.DefaultMethodSecurityExpressionHandler@40e37b06' of type [org.springframework.security.access.expression.method.DefaultMethodSecurityExpressionHandler] is not eligible for getting processed by all BeanPostProcessors (for example: not eligible for auto-proxying)
2020-04-01 16:41:21.965  INFO 10836 --- [main] trationDelegate$BeanPostProcessorChecker : Bean 'org.springframework.security.config.annotation.method.configuration.GlobalMethodSecurityConfiguration' of type [org.springframework.security.config.annotation.method.configuration.GlobalMethodSecurityConfiguration] is not eligible for getting processed by all BeanPostProcessors (for example: not eligible for auto-proxying)
2020-04-01 16:41:21.967  INFO 10836 --- [main] trationDelegate$BeanPostProcessorChecker : Bean 'methodSecurityMetadataSource' of type [org.springframework.security.access.method.DelegatingMethodSecurityMetadataSource] is not eligible for getting processed by all BeanPostProcessors (for example: not eligible for auto-proxying)
2020-04-01 16:41:22.154  INFO 10836 --- [main] o.s.b.w.embedded.tomcat.TomcatWebServer  : Tomcat initialized with port(s): 8080 (http)
2020-04-01 16:41:22.161  INFO 10836 --- [main] o.apache.catalina.core.StandardService   : Starting service [Tomcat]
2020-04-01 16:41:22.162  INFO 10836 --- [main] org.apache.catalina.core.StandardEngine  : Starting Servlet engine: [Apache Tomcat/9.0.31]
2020-04-01 16:41:22.233  INFO 10836 --- [main] o.a.c.c.C.[Tomcat].[localhost].[/api]    : Initializing Spring embedded WebApplicationContext
2020-04-01 16:41:22.234  INFO 10836 --- [main] o.s.web.context.ContextLoader            : Root WebApplicationContext: initialization completed in 1063 ms
2020-04-01 16:41:22.884  INFO 10836 --- [main] pertySourcedRequestMappingHandlerMapping : Mapped URL path [/v2/api-docs] onto method [springfox.documentation.swagger2.web.Swagger2Controller#getDocumentation(String, HttpServletRequest)]
2020-04-01 16:41:22.983  INFO 10836 --- [main] o.s.s.web.DefaultSecurityFilterChain     : Creating filter chain: any request, [org.springframework.security.web.context.request.async.WebAsyncManagerIntegrationFilter@49671897, org.springframework.security.web.context.SecurityContextPersistenceFilter@4052b19f, org.springframework.security.web.header.HeaderWriterFilter@6ffd4c0d, org.springframework.security.web.authentication.logout.LogoutFilter@619c93ca, org.springframework.security.web.authentication.www.BasicAuthenticationFilter@3f857e08, org.springframework.security.web.savedrequest.RequestCacheAwareFilter@60dc1a4e, org.springframework.security.web.servletapi.SecurityContextHolderAwareRequestFilter@6e24ce51, org.springframework.security.web.authentication.AnonymousAuthenticationFilter@168142da, org.springframework.security.web.session.SessionManagementFilter@2cfe272f, org.springframework.security.web.access.ExceptionTranslationFilter@44b940a2, org.springframework.security.web.access.intercept.FilterSecurityInterceptor@268c030f]
2020-04-01 16:41:23.025  INFO 10836 --- [main] o.s.s.concurrent.ThreadPoolTaskExecutor  : Initializing ExecutorService 'applicationTaskExecutor'
2020-04-01 16:41:23.162  INFO 10836 --- [main] d.s.w.p.DocumentationPluginsBootstrapper : Context refreshed
2020-04-01 16:41:23.171  INFO 10836 --- [main] d.s.w.p.DocumentationPluginsBootstrapper : Found 1 custom documentation plugin(s)
2020-04-01 16:41:23.197  INFO 10836 --- [main] s.d.s.w.s.ApiListingReferenceScanner     : Scanning for api listing references
2020-04-01 16:41:23.284  INFO 10836 --- [main] .d.s.w.r.o.CachingOperationNameGenerator : Generating unique operation named: getAllMembersUsingGET_1
2020-04-01 16:41:23.517  INFO 10836 --- [main] o.s.b.w.embedded.tomcat.TomcatWebServer  : Tomcat started on port(s): 8080 (http) with context path '/api'
2020-04-01 16:41:23.520  INFO 10836 --- [main] com.switchfully.jar.Application          : Started Application in 2.613 seconds (JVM running for 3.183)
2020-04-01 16:41:49.745  INFO 25044 --- [main] com.switchfully.jar.Application          : Starting Application on CI00085369 with PID 25044 (C:\_Projects\eurder\jar\target\classes started by svenDP in C:\_Projects\eurder)
2020-04-01 16:41:49.749  INFO 25044 --- [main] com.switchfully.jar.Application          : No active profile set, falling back to default profiles: default
2020-04-01 16:41:50.567  INFO 25044 --- [main] trationDelegate$BeanPostProcessorChecker : Bean 'org.springframework.security.config.annotation.configuration.ObjectPostProcessorConfiguration' of type [org.springframework.security.config.annotation.configuration.ObjectPostProcessorConfiguration] is not eligible for getting processed by all BeanPostProcessors (for example: not eligible for auto-proxying)
2020-04-01 16:41:50.570  INFO 25044 --- [main] trationDelegate$BeanPostProcessorChecker : Bean 'objectPostProcessor' of type [org.springframework.security.config.annotation.configuration.AutowireBeanFactoryObjectPostProcessor] is not eligible for getting processed by all BeanPostProcessors (for example: not eligible for auto-proxying)
2020-04-01 16:41:50.572  INFO 25044 --- [main] trationDelegate$BeanPostProcessorChecker : Bean 'org.springframework.security.access.expression.method.DefaultMethodSecurityExpressionHandler@56da7487' of type [org.springframework.security.access.expression.method.DefaultMethodSecurityExpressionHandler] is not eligible for getting processed by all BeanPostProcessors (for example: not eligible for auto-proxying)
2020-04-01 16:41:50.574  INFO 25044 --- [main] trationDelegate$BeanPostProcessorChecker : Bean 'org.springframework.security.config.annotation.method.configuration.GlobalMethodSecurityConfiguration' of type [org.springframework.security.config.annotation.method.configuration.GlobalMethodSecurityConfiguration] is not eligible for getting processed by all BeanPostProcessors (for example: not eligible for auto-proxying)
2020-04-01 16:41:50.575  INFO 25044 --- [main] trationDelegate$BeanPostProcessorChecker : Bean 'methodSecurityMetadataSource' of type [org.springframework.security.access.method.DelegatingMethodSecurityMetadataSource] is not eligible for getting processed by all BeanPostProcessors (for example: not eligible for auto-proxying)
2020-04-01 16:41:50.726  INFO 25044 --- [main] o.s.b.w.embedded.tomcat.TomcatWebServer  : Tomcat initialized with port(s): 8080 (http)
2020-04-01 16:41:50.732  INFO 25044 --- [main] o.apache.catalina.core.StandardService   : Starting service [Tomcat]
2020-04-01 16:41:50.733  INFO 25044 --- [main] org.apache.catalina.core.StandardEngine  : Starting Servlet engine: [Apache Tomcat/9.0.31]
2020-04-01 16:41:50.803  INFO 25044 --- [main] o.a.c.c.C.[Tomcat].[localhost].[/api]    : Initializing Spring embedded WebApplicationContext
2020-04-01 16:41:50.803  INFO 25044 --- [main] o.s.web.context.ContextLoader            : Root WebApplicationContext: initialization completed in 1021 ms
2020-04-01 16:41:51.391  INFO 25044 --- [main] pertySourcedRequestMappingHandlerMapping : Mapped URL path [/v2/api-docs] onto method [springfox.documentation.swagger2.web.Swagger2Controller#getDocumentation(String, HttpServletRequest)]
2020-04-01 16:41:51.486  INFO 25044 --- [main] o.s.s.web.DefaultSecurityFilterChain     : Creating filter chain: any request, [org.springframework.security.web.context.request.async.WebAsyncManagerIntegrationFilter@4b195203, org.springframework.security.web.context.SecurityContextPersistenceFilter@d5e575c, org.springframework.security.web.header.HeaderWriterFilter@7d9c45ee, org.springframework.security.web.authentication.logout.LogoutFilter@790d8fdd, org.springframework.security.web.authentication.www.BasicAuthenticationFilter@1a8e9ed9, org.springframework.security.web.savedrequest.RequestCacheAwareFilter@7ca492d9, org.springframework.security.web.servletapi.SecurityContextHolderAwareRequestFilter@486e9d1d, org.springframework.security.web.authentication.AnonymousAuthenticationFilter@28a6e171, org.springframework.security.web.session.SessionManagementFilter@2fc49538, org.springframework.security.web.access.ExceptionTranslationFilter@380ce5a3, org.springframework.security.web.access.intercept.FilterSecurityInterceptor@60bf494c]
2020-04-01 16:41:51.525  INFO 25044 --- [main] o.s.s.concurrent.ThreadPoolTaskExecutor  : Initializing ExecutorService 'applicationTaskExecutor'
2020-04-01 16:41:51.622  INFO 25044 --- [main] d.s.w.p.DocumentationPluginsBootstrapper : Context refreshed
2020-04-01 16:41:51.630  INFO 25044 --- [main] d.s.w.p.DocumentationPluginsBootstrapper : Found 1 custom documentation plugin(s)
2020-04-01 16:41:51.655  INFO 25044 --- [main] s.d.s.w.s.ApiListingReferenceScanner     : Scanning for api listing references
2020-04-01 16:41:51.742  INFO 25044 --- [main] .d.s.w.r.o.CachingOperationNameGenerator : Generating unique operation named: getAllMembersUsingGET_1
2020-04-01 16:41:51.966  INFO 25044 --- [main] o.s.b.w.embedded.tomcat.TomcatWebServer  : Tomcat started on port(s): 8080 (http) with context path '/api'
2020-04-01 16:41:51.968  INFO 25044 --- [main] com.switchfully.jar.Application          : Started Application in 2.456 seconds (JVM running for 3.061)
2020-04-01 16:41:59.608  INFO 25044 --- [http-nio-8080-exec-1] o.a.c.c.C.[Tomcat].[localhost].[/api]    : Initializing Spring DispatcherServlet 'dispatcherServlet'
2020-04-01 16:41:59.609  INFO 25044 --- [http-nio-8080-exec-1] o.s.web.servlet.DispatcherServlet        : Initializing Servlet 'dispatcherServlet'
2020-04-01 16:41:59.617  INFO 25044 --- [http-nio-8080-exec-1] o.s.web.servlet.DispatcherServlet        : Completed initialization in 8 ms
2020-04-01 16:41:59.679  INFO 25044 --- [http-nio-8080-exec-1] c.switchfully.service.user.UserService   : Registering a new customer.
2020-04-01 16:42:24.940  INFO 25044 --- [http-nio-8080-exec-2] c.switchfully.service.user.UserService   : Returning all members
